
> app@0.1.0 build /home/raw/Documents/workspace/personal/caracalLanding
> next build

▲ Next.js 16.1.6 (Turbopack)

  Creating an optimized production build ...

-----
[1m[31mFATAL[39m[0m: An unexpected Turbopack error occurred. A panic log has been written to /tmp/next-panic-f915820347fbd9f71095eeac7411226a.log.

To help make Turbopack better, report this error by ]8;;https://github.com/vercel/next.js/discussions/new?category=turbopack-error-report&title=Turbopack%20Error%3A%20reading%20file%20%2Fhome%2Fraw%2FDocuments%2Fworkspace%2Fpersonal%2FcaracalLanding%2Fsrc%2Fapp&body=Turbopack%20version%3A%20%600c06f068%60%0ANext.js%20version%3A%20%600.0.0%60%0A%0AError%20message%3A%0A%60%60%60%0Areading%20file%20%2Fhome%2Fraw%2FDocuments%2Fworkspace%2Fpersonal%2FcaracalLanding%2Fsrc%2Fapp%0A%0ACaused%20by%3A%0A-%20Is%20a%20directory%20%28os%20error%2021%29%0A%0ADebug%20info%3A%0A-%20Execution%20of%20get_all_written_entrypoints_with_issues_operation%20failed%0A-%20Execution%20of%20PlainIssue%3A%3Afrom_issue%20failed%0A-%20Execution%20of%20PlainSource%3A%3Afrom_source%20failed%0A-%20Execution%20of%20%3CWebpackLoadersProcessedAsset%20as%20Asset%3E%3A%3Acontent%20failed%0A-%20Execution%20of%20WebpackLoadersProcessedAsset%3A%3Aprocess%20failed%0A-%20Execution%20of%20%3CDiskFileSystem%20as%20FileSystem%3E%3A%3Aread%20failed%0A-%20reading%20file%20%2Fhome%2Fraw%2FDocuments%2Fworkspace%2Fpersonal%2FcaracalLanding%2Fsrc%2Fapp%0A-%20Is%20a%20directory%20%28os%20error%2021%29%0A%60%60%60&labels=Turbopack,Turbopack%20Panic%20Backtrace\clicking here.]8;;\
-----


> Build error occurred
Error [TurbopackInternalError]: reading file /home/raw/Documents/workspace/personal/caracalLanding/src/app

Caused by:
- Is a directory (os error 21)

Debug info:
- Execution of get_all_written_entrypoints_with_issues_operation failed
- Execution of PlainIssue::from_issue failed
- Execution of PlainSource::from_source failed
- Execution of <WebpackLoadersProcessedAsset as Asset>::content failed
- Execution of WebpackLoadersProcessedAsset::process failed
- Execution of <DiskFileSystem as FileSystem>::read failed
- reading file /home/raw/Documents/workspace/personal/caracalLanding/src/app
- Is a directory (os error 21)
    at <unknown> (TurbopackInternalError: reading file /home/raw/Documents/workspace/personal/caracalLanding/src/app) {
  type: 'TurbopackInternalError',
  location: undefined
}
 ELIFECYCLE  Command failed with exit code 1.
